<?xml version="1.0" encoding="utf-8"?>
<test-run id="2" testcasecount="3" result="Passed" total="3" passed="3" failed="0" inconclusive="0" skipped="0" asserts="0" engine-version="3.5.0.0" clr-version="4.0.30319.42000" start-time="2026-09-26 02:25:47Z" end-time="2026-09-26 02:26:31Z" duration="43.9651769">
  <test-suite type="TestSuite" id="1028" name="Kampung Run_ KL" fullname="Kampung Run_ KL" runstate="Runnable" testcasecount="19" result="Passed" start-time="2026-09-26 02:25:47Z" end-time="2026-09-26 02:26:31Z" duration="43.965177" total="3" passed="3" failed="0" inconclusive="0" skipped="0" asserts="0">
    <properties>
      <property name="platform" value="PlayMode" />
    </properties>
    <test-suite type="Assembly" id="1050" name="KampungRun.Tests.dll" fullname="C:/Users/User/PROJECTS/kampung-game/KampungRun/Library/ScriptAssemblies/KampungRun.Tests.dll" runstate="Runnable" testcasecount="19" result="Passed" start-time="2026-09-26 02:25:47Z" end-time="2026-09-26 02:26:31Z" duration="43.958608" total="3" passed="3" failed="0" inconclusive="0" skipped="0" asserts="0">
      <properties>
        <property name="_PID" value="36084" />
        <property name="_APPDOMAIN" value="Unity Child Domain" />
        <property name="platform" value="PlayMode" />
        <property name="EditorOnly" value="False" />
      </properties>
      <test-suite type="TestSuite" id="1051" name="KampungRun" fullname="KampungRun" runstate="Runnable" testcasecount="19" result="Passed" start-time="2026-09-26 02:25:47Z" end-time="2026-09-26 02:26:31Z" duration="43.958095" total="3" passed="3" failed="0" inconclusive="0" skipped="0" asserts="0">
        <properties />
        <test-suite type="TestSuite" id="1052" name="Tests" fullname="KampungRun.Tests" runstate="Runnable" testcasecount="19" result="Passed" start-time="2026-09-26 02:25:47Z" end-time="2026-09-26 02:26:31Z" duration="43.957687" total="3" passed="3" failed="0" inconclusive="0" skipped="0" asserts="0">
          <properties />
          <test-suite type="TestFixture" id="1033" name="SmokeTests" fullname="KampungRun.Tests.SmokeTests" classname="KampungRun.Tests.SmokeTests" runstate="Runnable" testcasecount="16" result="Passed" start-time="2026-09-26 02:25:47Z" end-time="2026-09-26 02:26:31Z" duration="43.956124" total="3" passed="3" failed="0" inconclusive="0" skipped="0" asserts="0">
            <properties />
            <test-case id="1037" name="CastRestyled" fullname="KampungRun.Tests.SmokeTests.CastRestyled" methodname="CastRestyled" classname="KampungRun.Tests.SmokeTests" runstate="Runnable" seed="764391557" result="Passed" start-time="2026-09-26 02:25:47Z" end-time="2026-09-26 02:26:00Z" duration="12.514449" asserts="0">
              <properties>
                <property name="_JOINTYPE" value="UnityCombinatorial" />
                <property name="retryIteration" value="0" />
                <property name="repeatIteration" value="0" />
              </properties>
              <output><![CDATA[[KLMap] KotaLama: 41 meshes, 1150 road nodes (62/62 joined to the grid), 112 pavement loops, 118 anchors
[KLMap] TamanTasik: 26 meshes, 335 road nodes (37/37 joined to the grid), 31 pavement loops, 2 anchors
[KLMap] KLSentral: 42 meshes, 626 road nodes (54/54 joined to the grid), 58 pavement loops, 3 anchors
[KLMap] BukitNanas: 30 meshes, 53 road nodes (10/10 joined to the grid), 3 pavement loops, 1 anchors
[KLMap] KLCC: 30 meshes, 112 road nodes (16/16 joined to the grid), 11 pavement loops, 2 anchors
[KLMap] BukitBintang: 32 meshes, 296 road nodes (35/35 joined to the grid), 29 pavement loops, 1 anchors
[City] merged 15195 static props into 683 meshes (658 groups); kept 3220 as they are: landmark=11 moves=3203 PhoneBooth=6
[City] build times: load 57ms roads 301ms patches 181ms blocks 855ms ground 109ms merge 1190ms
[Cast] 261/261 pedestrians are KL humanoids
]]></output>
            </test-case>
            <test-case id="1045" name="DriversFitUnderRoof" fullname="KampungRun.Tests.SmokeTests.DriversFitUnderRoof" methodname="DriversFitUnderRoof" classname="KampungRun.Tests.SmokeTests" runstate="Runnable" seed="170376354" result="Passed" start-time="2026-09-26 02:26:00Z" end-time="2026-09-26 02:26:14Z" duration="14.867353" asserts="0">
              <properties>
                <property name="_JOINTYPE" value="UnityCombinatorial" />
                <property name="retryIteration" value="0" />
                <property name="repeatIteration" value="0" />
              </properties>
              <output><![CDATA[[KLMap] KotaLama: 41 meshes, 1150 road nodes (62/62 joined to the grid), 112 pavement loops, 118 anchors
[KLMap] TamanTasik: 26 meshes, 335 road nodes (37/37 joined to the grid), 31 pavement loops, 2 anchors
[KLMap] KLSentral: 42 meshes, 626 road nodes (54/54 joined to the grid), 58 pavement loops, 3 anchors
[KLMap] BukitNanas: 30 meshes, 53 road nodes (10/10 joined to the grid), 3 pavement loops, 1 anchors
[KLMap] KLCC: 30 meshes, 112 road nodes (16/16 joined to the grid), 11 pavement loops, 2 anchors
[KLMap] BukitBintang: 32 meshes, 296 road nodes (35/35 joined to the grid), 29 pavement loops, 1 anchors
[City] merged 15195 static props into 683 meshes (658 groups); kept 3220 as they are: landmark=11 moves=3203 PhoneBooth=6
[City] build times: load 36ms roads 267ms patches 150ms blocks 770ms ground 89ms merge 798ms
[ROOF] aiman in myvi: 7 cm headroom at=(0.38, 1.45, -0.18) state=Sit
[ROOF]   aiman bones: hips=(0.36, 0.53, 0.00) head=(0.36, 1.06, -0.10) lfoot=(0.24, 0.48, 0.45) model at (0.36, 0.22, 0.01) scale=0.91
[ROOF] aiman in saga: 6 cm headroom at=(0.40, 1.38, -0.12) state=Sit
[ROOF]   aiman bones: hips=(0.36, 0.47, 0.04) head=(0.37, 1.00, -0.06) lfoot=(0.24, 0.42, 0.48) model at (0.36, 0.16, 0.05) scale=0.90
[ROOF] aiman in kancil: 7 cm headroom at=(0.34, 1.44, -0.21) state=Sit
[ROOF]   aiman bones: hips=(0.32, 0.50, -0.03) head=(0.32, 1.05, -0.14) lfoot=(0.20, 0.46, 0.43) model at (0.32, 0.19, -0.02) scale=0.93
[ROOF] aiman in van: 23 cm headroom at=(0.46, 1.65, 0.22) state=Sit
[ROOF]   aiman bones: hips=(0.42, 0.63, 0.40) head=(0.42, 1.22, 0.29) lfoot=(0.29, 0.58, 0.89) model at (0.42, 0.29, 0.41) scale=1.00
[ROOF] aiman in hilux: 12 cm headroom at=(0.37, 1.87, 0.22) state=Sit
[ROOF]   aiman bones: hips=(0.42, 0.85, 0.37) head=(0.42, 1.44, 0.26) lfoot=(0.29, 0.80, 0.86) model at (0.42, 0.51, 0.38) scale=1.00
[ROOF] aiman in teksi: 7 cm headroom at=(0.37, 1.38, -0.13) state=Sit
[ROOF]   aiman bones: hips=(0.36, 0.47, 0.04) head=(0.36, 1.00, -0.06) lfoot=(0.24, 0.42, 0.48) model at (0.36, 0.16, 0.05) scale=0.90
[ROOF] aiman in polis: 14 cm headroom at=(0.38, 1.54, -0.19) state=Sit
[ROOF]   aiman bones: hips=(0.36, 0.53, 0.00) head=(0.36, 1.12, -0.11) lfoot=(0.23, 0.48, 0.49) model at (0.36, 0.19, 0.01) scale=1.00
[ROOF] tightest: aiman in saga 6 cm
]]></output>
            </test-case>
            <test-case id="1036" name="VehicleTransitions" fullname="KampungRun.Tests.SmokeTests.VehicleTransitions" methodname="VehicleTransitions" classname="KampungRun.Tests.SmokeTests" runstate="Runnable" seed="667244455" result="Passed" start-time="2026-09-26 02:26:14Z" end-time="2026-09-26 02:26:31Z" duration="16.558499" asserts="0">
              <properties>
                <property name="_JOINTYPE" value="UnityCombinatorial" />
                <property name="retryIteration" value="0" />
                <property name="repeatIteration" value="0" />
              </properties>
              <output><![CDATA[[KLMap] KotaLama: 41 meshes, 1150 road nodes (62/62 joined to the grid), 112 pavement loops, 118 anchors
[KLMap] TamanTasik: 26 meshes, 335 road nodes (37/37 joined to the grid), 31 pavement loops, 2 anchors
[KLMap] KLSentral: 42 meshes, 626 road nodes (54/54 joined to the grid), 58 pavement loops, 3 anchors
[KLMap] BukitNanas: 30 meshes, 53 road nodes (10/10 joined to the grid), 3 pavement loops, 1 anchors
[KLMap] KLCC: 30 meshes, 112 road nodes (16/16 joined to the grid), 11 pavement loops, 2 anchors
[KLMap] BukitBintang: 32 meshes, 296 road nodes (35/35 joined to the grid), 29 pavement loops, 1 anchors
[City] merged 15195 static props into 683 meshes (658 groups); kept 3220 as they are: landmark=11 moves=3203 PhoneBooth=6
[City] build times: load 36ms roads 277ms patches 148ms blocks 912ms ground 107ms merge 910ms
Saving results to: C:/Users/User/AppData/LocalLow/Kampung Run/Kampung Run_ KL\TestResults.xml
]]></output>
            </test-case>
          </test-suite>
        </test-suite>
      </test-suite>
    </test-suite>
  </test-suite>
</test-run>